Traceback (most recent call last):
  File "/workspaces/reputaguard-mvp/.venv/lib/python3.12/site-packages/botasaurus/browser_decorator.py", line 201, in run_task
    result = func(driver, data)
             ^^^^^^^^^^^^^^^^^^
  File "/workspaces/reputaguard-mvp/data_collector.py", line 32, in scrape_vk_reviews
    posts = driver.find_elements(".post", timeout=10)
            ^^^^^^^^^^^^^^^^^^^^
AttributeError: 'Driver' object has no attribute 'find_elements'

During handling of the above exception, another exception occurred:

Traceback (most recent call last):
  File "/workspaces/reputaguard-mvp/.venv/lib/python3.12/site-packages/botasaurus/browser_decorator.py", line 201, in run_task
    result = func(driver, data)
             ^^^^^^^^^^^^^^^^^^
  File "/workspaces/reputaguard-mvp/data_collector.py", line 32, in scrape_vk_reviews
    posts = driver.find_elements(".post", timeout=10)
            ^^^^^^^^^^^^^^^^^^^^
AttributeError: 'Driver' object has no attribute 'find_elements'

During handling of the above exception, another exception occurred:

Traceback (most recent call last):
  File "/workspaces/reputaguard-mvp/.venv/lib/python3.12/site-packages/botasaurus/browser_decorator.py", line 201, in run_task
    result = func(driver, data)
             ^^^^^^^^^^^^^^^^^^
  File "/workspaces/reputaguard-mvp/data_collector.py", line 32, in scrape_vk_reviews
    posts = driver.find_elements(".post", timeout=10)
            ^^^^^^^^^^^^^^^^^^^^
AttributeError: 'Driver' object has no attribute 'find_elements'

During handling of the above exception, another exception occurred:

Traceback (most recent call last):
  File "/workspaces/reputaguard-mvp/.venv/lib/python3.12/site-packages/botasaurus/browser_decorator.py", line 201, in run_task
    result = func(driver, data)
             ^^^^^^^^^^^^^^^^^^
  File "/workspaces/reputaguard-mvp/data_collector.py", line 32, in scrape_vk_reviews
    posts = driver.find_elements(".post", timeout=10)
            ^^^^^^^^^^^^^^^^^^^^
AttributeError: 'Driver' object has no attribute 'find_elements'
